May 12, 2015 2:40:20 PM org.apache.catalina.startup.VersionLoggerListener log
INFO: Server version:        Apache Tomcat/7.0.61
May 12, 2015 2:40:20 PM org.apache.catalina.startup.VersionLoggerListener log
INFO: Server built:          Mar 27 2015 12:03:56 UTC
May 12, 2015 2:40:20 PM org.apache.catalina.startup.VersionLoggerListener log
INFO: Server number:         7.0.61.0
May 12, 2015 2:40:20 PM org.apache.catalina.startup.VersionLoggerListener log
INFO: OS Name:               Windows 8.1
May 12, 2015 2:40:20 PM org.apache.catalina.startup.VersionLoggerListener log
INFO: OS Version:            6.3
May 12, 2015 2:40:20 PM org.apache.catalina.startup.VersionLoggerListener log
INFO: Architecture:          amd64
May 12, 2015 2:40:20 PM org.apache.catalina.startup.VersionLoggerListener log
INFO: Java Home:             C:\Program Files\Java\jdk1.7.0_67\jre
May 12, 2015 2:40:20 PM org.apache.catalina.startup.VersionLoggerListener log
INFO: JVM Version:           1.7.0_67-b01
May 12, 2015 2:40:20 PM org.apache.catalina.startup.VersionLoggerListener log
INFO: JVM Vendor:            Oracle Corporation
May 12, 2015 2:40:20 PM org.apache.catalina.startup.VersionLoggerListener log
INFO: CATALINA_BASE:         C:\Users\ivan\OneDrive\Documentos Australia\2015\s1\ITEC833- Web Services\group-assignment\project\tomcat7_8082
May 12, 2015 2:40:20 PM org.apache.catalina.startup.VersionLoggerListener log
INFO: CATALINA_HOME:         C:\Users\ivan\OneDrive\Documentos Australia\2015\s1\ITEC833- Web Services\group-assignment\project\tomcat7_8082
May 12, 2015 2:40:20 PM org.apache.catalina.startup.VersionLoggerListener log
INFO: Command line argument: -Djava.util.logging.config.file=C:\Users\ivan\OneDrive\Documentos Australia\2015\s1\ITEC833- Web Services\group-assignment\project\tomcat7_8082\conf\logging.properties
May 12, 2015 2:40:20 PM org.apache.catalina.startup.VersionLoggerListener log
INFO: Command line argument: -Djava.util.logging.manager=org.apache.juli.ClassLoaderLogManager
May 12, 2015 2:40:20 PM org.apache.catalina.startup.VersionLoggerListener log
INFO: Command line argument: -Djava.endorsed.dirs=C:\Users\ivan\OneDrive\Documentos Australia\2015\s1\ITEC833- Web Services\group-assignment\project\tomcat7_8082\endorsed
May 12, 2015 2:40:20 PM org.apache.catalina.startup.VersionLoggerListener log
INFO: Command line argument: -Dcatalina.base=C:\Users\ivan\OneDrive\Documentos Australia\2015\s1\ITEC833- Web Services\group-assignment\project\tomcat7_8082
May 12, 2015 2:40:20 PM org.apache.catalina.startup.VersionLoggerListener log
INFO: Command line argument: -Dcatalina.home=C:\Users\ivan\OneDrive\Documentos Australia\2015\s1\ITEC833- Web Services\group-assignment\project\tomcat7_8082
May 12, 2015 2:40:20 PM org.apache.catalina.startup.VersionLoggerListener log
INFO: Command line argument: -Djava.io.tmpdir=C:\Users\ivan\OneDrive\Documentos Australia\2015\s1\ITEC833- Web Services\group-assignment\project\tomcat7_8082\temp
May 12, 2015 2:40:20 PM org.apache.catalina.core.AprLifecycleListener lifecycleEvent
INFO: The APR based Apache Tomcat Native library which allows optimal performance in production environments was not found on the java.library.path: C:\Program Files\Java\jdk1.7.0_67\bin;C:\Windows\Sun\Java\bin;C:\Windows\system32;C:\Windows;C:\Program Files\Java\jdk1.7.0_67\bin;C:\Python341\;C:\Python341\Scripts;C:\Program Files (x86)\Intel\iCLS Client\;C:\Program Files\Intel\iCLS Client\;C:\Windows\system32;C:\Windows;C:\Windows\System32\Wbem;C:\Windows\System32\WindowsPowerShell\v1.0\;C:\Program Files\Intel\Intel(R) Management Engine Components\DAL;C:\Program Files\Intel\Intel(R) Management Engine Components\IPT;C:\Program Files (x86)\Intel\Intel(R) Management Engine Components\DAL;C:\Program Files (x86)\Intel\Intel(R) Management Engine Components\IPT;C:\Program Files (x86)\ATI Technologies\ATI.ACE\Core-Static;C:\Program Files\Intel\WiFi\bin\;C:\Program Files\Common Files\Intel\WirelessCommon\;C:\Program Files (x86)\Common Files\ThinPrint\;C:\Python341;C:\Program Files (x86)\Git\cmd;C:\Program Files (x86)\Windows Kits\8.1\Windows Performance Toolkit\;C:\Program Files\Microsoft SQL Server\110\Tools\Binn\;C:\Program Files (x86)\Microsoft SDKs\TypeScript\1.0\;C:\Program Files\Microsoft SQL Server\120\Tools\Binn\;C:\tools\apache-ant-1.9.4\bin;C:\Program Files\TortoiseSVN\bin;C:\nodejs\;C:\android-sdk\platform-tools;C:\android-sdk\tools;C:\HashiCorp\Vagrant\bin;C:\bin;C:\wamp\bin\php\php5.5.12;C:\Program Files (x86)\MIT\Kerberos\bin;C:\Program Files (x86)\Git\bin;C:\cygwin64\bin;C:\wamp\bin\mysql\mysql5.6.17\bin;C:\Vagrant\mykitchen\app\Console;C:\tools\maven\bin;C:\Ruby187\bin;C:\clojure-1.6.0;C:\Users\ivan\AppData\Roaming\npm;.
May 12, 2015 2:40:21 PM org.apache.coyote.AbstractProtocol init
INFO: Initializing ProtocolHandler ["http-bio-8082"]
May 12, 2015 2:40:21 PM org.apache.coyote.AbstractProtocol init
INFO: Initializing ProtocolHandler ["ajp-bio-8009"]
May 12, 2015 2:40:21 PM org.apache.catalina.startup.Catalina load
INFO: Initialization processed in 1029 ms
May 12, 2015 2:40:21 PM org.apache.catalina.core.StandardService startInternal
INFO: Starting service Catalina
May 12, 2015 2:40:21 PM org.apache.catalina.core.StandardEngine startInternal
INFO: Starting Servlet Engine: Apache Tomcat/7.0.61
May 12, 2015 2:40:21 PM org.apache.catalina.startup.HostConfig deployDirectory
INFO: Deploying web application directory C:\Users\ivan\OneDrive\Documentos Australia\2015\s1\ITEC833- Web Services\group-assignment\project\tomcat7_8082\webapps\docs
May 12, 2015 2:40:22 PM org.apache.catalina.util.SessionIdGeneratorBase createSecureRandom
INFO: Creation of SecureRandom instance for session ID generation using [SHA1PRNG] took [441] milliseconds.
May 12, 2015 2:40:22 PM org.apache.catalina.startup.HostConfig deployDirectory
INFO: Deployment of web application directory C:\Users\ivan\OneDrive\Documentos Australia\2015\s1\ITEC833- Web Services\group-assignment\project\tomcat7_8082\webapps\docs has finished in 1,151 ms
May 12, 2015 2:40:22 PM org.apache.catalina.startup.HostConfig deployDirectory
INFO: Deploying web application directory C:\Users\ivan\OneDrive\Documentos Australia\2015\s1\ITEC833- Web Services\group-assignment\project\tomcat7_8082\webapps\examples
May 12, 2015 2:40:22 PM org.apache.catalina.startup.HostConfig deployDirectory
INFO: Deployment of web application directory C:\Users\ivan\OneDrive\Documentos Australia\2015\s1\ITEC833- Web Services\group-assignment\project\tomcat7_8082\webapps\examples has finished in 566 ms
May 12, 2015 2:40:22 PM org.apache.catalina.startup.HostConfig deployDirectory
INFO: Deploying web application directory C:\Users\ivan\OneDrive\Documentos Australia\2015\s1\ITEC833- Web Services\group-assignment\project\tomcat7_8082\webapps\host-manager
May 12, 2015 2:40:22 PM org.apache.catalina.startup.HostConfig deployDirectory
INFO: Deployment of web application directory C:\Users\ivan\OneDrive\Documentos Australia\2015\s1\ITEC833- Web Services\group-assignment\project\tomcat7_8082\webapps\host-manager has finished in 106 ms
May 12, 2015 2:40:22 PM org.apache.catalina.startup.HostConfig deployDirectory
INFO: Deploying web application directory C:\Users\ivan\OneDrive\Documentos Australia\2015\s1\ITEC833- Web Services\group-assignment\project\tomcat7_8082\webapps\manager
May 12, 2015 2:40:23 PM org.apache.catalina.startup.HostConfig deployDirectory
INFO: Deployment of web application directory C:\Users\ivan\OneDrive\Documentos Australia\2015\s1\ITEC833- Web Services\group-assignment\project\tomcat7_8082\webapps\manager has finished in 98 ms
May 12, 2015 2:40:23 PM org.apache.catalina.startup.HostConfig deployDirectory
INFO: Deploying web application directory C:\Users\ivan\OneDrive\Documentos Australia\2015\s1\ITEC833- Web Services\group-assignment\project\tomcat7_8082\webapps\ROOT
May 12, 2015 2:40:23 PM org.apache.catalina.startup.HostConfig deployDirectory
INFO: Deployment of web application directory C:\Users\ivan\OneDrive\Documentos Australia\2015\s1\ITEC833- Web Services\group-assignment\project\tomcat7_8082\webapps\ROOT has finished in 89 ms
May 12, 2015 2:40:23 PM org.apache.coyote.AbstractProtocol start
INFO: Starting ProtocolHandler ["http-bio-8082"]
May 12, 2015 2:40:23 PM org.apache.coyote.AbstractProtocol start
INFO: Starting ProtocolHandler ["ajp-bio-8009"]
May 12, 2015 2:40:23 PM org.apache.catalina.startup.Catalina start
INFO: Server startup in 2093 ms
May 12, 2015 2:41:09 PM org.apache.catalina.core.StandardServer await
INFO: A valid shutdown command was received via the shutdown port. Stopping the Server instance.
May 12, 2015 2:41:09 PM org.apache.coyote.AbstractProtocol pause
INFO: Pausing ProtocolHandler ["http-bio-8082"]
May 12, 2015 2:41:09 PM org.apache.coyote.AbstractProtocol pause
INFO: Pausing ProtocolHandler ["ajp-bio-8009"]
May 12, 2015 2:41:09 PM org.apache.catalina.core.StandardService stopInternal
INFO: Stopping service Catalina
May 12, 2015 2:41:09 PM org.apache.coyote.AbstractProtocol stop
INFO: Stopping ProtocolHandler ["http-bio-8082"]
May 12, 2015 2:41:09 PM org.apache.coyote.AbstractProtocol stop
INFO: Stopping ProtocolHandler ["ajp-bio-8009"]
May 12, 2015 2:41:09 PM org.apache.coyote.AbstractProtocol destroy
INFO: Destroying ProtocolHandler ["http-bio-8082"]
May 12, 2015 2:41:09 PM org.apache.coyote.AbstractProtocol destroy
INFO: Destroying ProtocolHandler ["ajp-bio-8009"]
