May 11, 2015 10:29:58 PM org.apache.catalina.core.AprLifecycleListener init
INFO: The APR based Apache Tomcat Native library which allows optimal performance in production environments was not found on the java.library.path: C:\Program Files\Java\jdk1.7.0_67\bin;C:\Windows\Sun\Java\bin;C:\Windows\system32;C:\Windows;C:\Program Files\Java\jdk1.7.0_67\bin;C:\Python341\;C:\Python341\Scripts;C:\Program Files (x86)\Intel\iCLS Client\;C:\Program Files\Intel\iCLS Client\;C:\Windows\system32;C:\Windows;C:\Windows\System32\Wbem;C:\Windows\System32\WindowsPowerShell\v1.0\;C:\Program Files\Intel\Intel(R) Management Engine Components\DAL;C:\Program Files\Intel\Intel(R) Management Engine Components\IPT;C:\Program Files (x86)\Intel\Intel(R) Management Engine Components\DAL;C:\Program Files (x86)\Intel\Intel(R) Management Engine Components\IPT;C:\Program Files (x86)\ATI Technologies\ATI.ACE\Core-Static;C:\Program Files\Intel\WiFi\bin\;C:\Program Files\Common Files\Intel\WirelessCommon\;C:\Program Files (x86)\Common Files\ThinPrint\;C:\Python341;C:\Program Files (x86)\Git\cmd;C:\Program Files (x86)\Windows Kits\8.1\Windows Performance Toolkit\;C:\Program Files\Microsoft SQL Server\110\Tools\Binn\;C:\Program Files (x86)\Microsoft SDKs\TypeScript\1.0\;C:\Program Files\Microsoft SQL Server\120\Tools\Binn\;C:\tools\apache-ant-1.9.4\bin;C:\Program Files\TortoiseSVN\bin;C:\nodejs\;C:\android-sdk\platform-tools;C:\android-sdk\tools;C:\HashiCorp\Vagrant\bin;C:\bin;C:\wamp\bin\php\php5.5.12;C:\Program Files (x86)\MIT\Kerberos\bin;C:\Program Files (x86)\Git\bin;C:\cygwin64\bin;C:\wamp\bin\mysql\mysql5.6.17\bin;C:\Vagrant\mykitchen\app\Console;C:\tools\maven\bin;C:\Ruby187\bin;C:\clojure-1.6.0;C:\Users\ivan\AppData\Roaming\npm;.
May 11, 2015 10:29:59 PM org.apache.coyote.http11.Http11Protocol init
INFO: Initializing Coyote HTTP/1.1 on http-8080
May 11, 2015 10:29:59 PM org.apache.catalina.startup.Catalina load
INFO: Initialization processed in 1724 ms
May 11, 2015 10:29:59 PM org.apache.catalina.core.StandardService start
INFO: Starting service Catalina
May 11, 2015 10:29:59 PM org.apache.catalina.core.StandardEngine start
INFO: Starting Servlet Engine: Apache Tomcat/6.0.43
May 11, 2015 10:29:59 PM org.apache.catalina.startup.HostConfig deployWAR
INFO: Deploying web application archive ode.war
May 11, 2015 10:30:35 PM org.apache.catalina.startup.HostConfig deployDirectory
INFO: Deploying web application directory docs
May 11, 2015 10:30:35 PM org.apache.catalina.startup.HostConfig deployDirectory
INFO: Deploying web application directory examples
May 11, 2015 10:30:36 PM org.apache.catalina.startup.HostConfig deployDirectory
INFO: Deploying web application directory host-manager
May 11, 2015 10:30:36 PM org.apache.catalina.startup.HostConfig deployDirectory
INFO: Deploying web application directory manager
May 11, 2015 10:30:36 PM org.apache.catalina.startup.HostConfig deployDirectory
INFO: Deploying web application directory ROOT
May 11, 2015 10:30:36 PM org.apache.coyote.http11.Http11Protocol start
INFO: Starting Coyote HTTP/1.1 on http-8080
May 11, 2015 10:30:36 PM org.apache.jk.common.ChannelSocket init
INFO: JK: ajp13 listening on /0.0.0.0:8009
May 11, 2015 10:30:36 PM org.apache.jk.server.JkMain start
INFO: Jk running ID=0 time=0/27  config=null
May 11, 2015 10:30:36 PM org.apache.catalina.startup.Catalina start
INFO: Server startup in 37181 ms
May 11, 2015 10:31:46 PM org.apache.coyote.http11.Http11Protocol pause
INFO: Pausing Coyote HTTP/1.1 on http-8080
May 11, 2015 10:31:47 PM org.apache.catalina.core.StandardService stop
INFO: Stopping service Catalina
May 11, 2015 10:31:48 PM org.apache.catalina.loader.WebappClassLoader clearReferencesJdbc
SEVERE: The web application [/ode] registered the JDBC driver [org.apache.derby.jdbc.AutoloadedDriver] but failed to unregister it when the web application was stopped. To prevent a memory leak, the JDBC Driver has been forcibly unregistered.
May 11, 2015 10:31:48 PM org.apache.catalina.loader.WebappClassLoader clearReferencesThreads
SEVERE: The web application [/ode] appears to have started a thread named [Timer-1] but has failed to stop it. This is very likely to create a memory leak.
May 11, 2015 10:31:48 PM org.apache.catalina.loader.WebappClassLoader checkThreadLocalMapForLeaks
SEVERE: The web application [/ode] created a ThreadLocal with key of type [org.apache.derby.iapi.sql.dictionary.TableDescriptor$1] (value [org.apache.derby.iapi.sql.dictionary.TableDescriptor$1@5eaf41ae]) and a value of type [java.util.WeakHashMap] (value [{={1}, ={3}}]) but failed to remove it when the web application was stopped. This is very likely to create a memory leak.
May 11, 2015 10:31:48 PM org.apache.catalina.loader.WebappClassLoader checkThreadLocalMapForLeaks
SEVERE: The web application [/ode] created a ThreadLocal with key of type [org.apache.xmlbeans.impl.schema.SchemaTypeLoaderImpl$SchemaTypeLoaderCache$1] (value [org.apache.xmlbeans.impl.schema.SchemaTypeLoaderImpl$SchemaTypeLoaderCache$1@47484521]) and a value of type [java.util.ArrayList] (value [[java.lang.ref.SoftReference@59b29e16]]) but failed to remove it when the web application was stopped. This is very likely to create a memory leak.
May 11, 2015 10:31:48 PM org.apache.catalina.loader.WebappClassLoader checkThreadLocalMapForLeaks
SEVERE: The web application [/ode] created a ThreadLocal with key of type [org.apache.xmlbeans.XmlBeans$1] (value [org.apache.xmlbeans.XmlBeans$1@5da8e45b]) and a value of type [java.lang.ref.SoftReference] (value [java.lang.ref.SoftReference@7b284266]) but failed to remove it when the web application was stopped. This is very likely to create a memory leak.
May 11, 2015 10:31:48 PM org.apache.catalina.loader.WebappClassLoader checkThreadLocalMapForLeaks
SEVERE: The web application [/ode] created a ThreadLocal with key of type [java.lang.ThreadLocal] (value [java.lang.ThreadLocal@101f75b5]) and a value of type [org.apache.derby.iapi.services.context.ContextManager] (value [org.apache.derby.iapi.services.context.ContextManager@2c139787]) but failed to remove it when the web application was stopped. This is very likely to create a memory leak.
May 11, 2015 10:31:51 PM org.apache.coyote.http11.Http11Protocol destroy
INFO: Stopping Coyote HTTP/1.1 on http-8080
May 11, 2015 10:32:52 PM org.apache.catalina.core.AprLifecycleListener init
INFO: The APR based Apache Tomcat Native library which allows optimal performance in production environments was not found on the java.library.path: C:\Program Files\Java\jdk1.7.0_67\bin;C:\Windows\Sun\Java\bin;C:\Windows\system32;C:\Windows;C:\Program Files\Java\jdk1.7.0_67\bin;C:\Python341\;C:\Python341\Scripts;C:\Program Files (x86)\Intel\iCLS Client\;C:\Program Files\Intel\iCLS Client\;C:\Windows\system32;C:\Windows;C:\Windows\System32\Wbem;C:\Windows\System32\WindowsPowerShell\v1.0\;C:\Program Files\Intel\Intel(R) Management Engine Components\DAL;C:\Program Files\Intel\Intel(R) Management Engine Components\IPT;C:\Program Files (x86)\Intel\Intel(R) Management Engine Components\DAL;C:\Program Files (x86)\Intel\Intel(R) Management Engine Components\IPT;C:\Program Files (x86)\ATI Technologies\ATI.ACE\Core-Static;C:\Program Files\Intel\WiFi\bin\;C:\Program Files\Common Files\Intel\WirelessCommon\;C:\Program Files (x86)\Common Files\ThinPrint\;C:\Python341;C:\Program Files (x86)\Git\cmd;C:\Program Files (x86)\Windows Kits\8.1\Windows Performance Toolkit\;C:\Program Files\Microsoft SQL Server\110\Tools\Binn\;C:\Program Files (x86)\Microsoft SDKs\TypeScript\1.0\;C:\Program Files\Microsoft SQL Server\120\Tools\Binn\;C:\tools\apache-ant-1.9.4\bin;C:\Program Files\TortoiseSVN\bin;C:\nodejs\;C:\android-sdk\platform-tools;C:\android-sdk\tools;C:\HashiCorp\Vagrant\bin;C:\bin;C:\wamp\bin\php\php5.5.12;C:\Program Files (x86)\MIT\Kerberos\bin;C:\Program Files (x86)\Git\bin;C:\cygwin64\bin;C:\wamp\bin\mysql\mysql5.6.17\bin;C:\Vagrant\mykitchen\app\Console;C:\tools\maven\bin;C:\Ruby187\bin;C:\clojure-1.6.0;C:\Users\ivan\AppData\Roaming\npm;.
May 11, 2015 10:32:53 PM org.apache.coyote.http11.Http11Protocol init
INFO: Initializing Coyote HTTP/1.1 on http-8080
May 11, 2015 10:32:53 PM org.apache.catalina.startup.Catalina load
INFO: Initialization processed in 1313 ms
May 11, 2015 10:32:53 PM org.apache.catalina.core.StandardService start
INFO: Starting service Catalina
May 11, 2015 10:32:53 PM org.apache.catalina.core.StandardEngine start
INFO: Starting Servlet Engine: Apache Tomcat/6.0.43
May 11, 2015 10:32:53 PM org.apache.catalina.startup.HostConfig deployDescriptor
INFO: Deploying configuration descriptor host-manager.xml
May 11, 2015 10:32:53 PM org.apache.catalina.startup.HostConfig deployDescriptor
INFO: Deploying configuration descriptor manager.xml
May 11, 2015 10:32:54 PM org.apache.catalina.startup.HostConfig deployDirectory
INFO: Deploying web application directory docs
May 11, 2015 10:32:54 PM org.apache.catalina.startup.HostConfig deployDirectory
INFO: Deploying web application directory examples
May 11, 2015 10:32:54 PM org.apache.catalina.startup.HostConfig deployDirectory
INFO: Deploying web application directory ode
May 11, 2015 10:33:03 PM org.apache.catalina.startup.HostConfig deployDirectory
INFO: Deploying web application directory ROOT
May 11, 2015 10:33:03 PM org.apache.coyote.http11.Http11Protocol start
INFO: Starting Coyote HTTP/1.1 on http-8080
May 11, 2015 10:33:03 PM org.apache.jk.common.ChannelSocket init
INFO: JK: ajp13 listening on /0.0.0.0:8009
May 11, 2015 10:33:03 PM org.apache.jk.server.JkMain start
INFO: Jk running ID=0 time=0/46  config=null
May 11, 2015 10:33:03 PM org.apache.catalina.startup.Catalina start
INFO: Server startup in 10515 ms
May 11, 2015 10:33:26 PM org.apache.coyote.http11.Http11Protocol pause
INFO: Pausing Coyote HTTP/1.1 on http-8080
May 11, 2015 10:33:27 PM org.apache.catalina.core.StandardService stop
INFO: Stopping service Catalina
May 11, 2015 10:33:28 PM org.apache.catalina.loader.WebappClassLoader clearReferencesJdbc
SEVERE: The web application [/ode] registered the JDBC driver [org.apache.derby.jdbc.AutoloadedDriver] but failed to unregister it when the web application was stopped. To prevent a memory leak, the JDBC Driver has been forcibly unregistered.
May 11, 2015 10:33:28 PM org.apache.catalina.loader.WebappClassLoader clearReferencesThreads
SEVERE: The web application [/ode] appears to have started a thread named [Timer-1] but has failed to stop it. This is very likely to create a memory leak.
May 11, 2015 10:33:28 PM org.apache.catalina.loader.WebappClassLoader checkThreadLocalMapForLeaks
SEVERE: The web application [/ode] created a ThreadLocal with key of type [org.apache.derby.iapi.sql.dictionary.TableDescriptor$1] (value [org.apache.derby.iapi.sql.dictionary.TableDescriptor$1@3bd2afcf]) and a value of type [java.util.WeakHashMap] (value [{={3}, ={1}}]) but failed to remove it when the web application was stopped. This is very likely to create a memory leak.
May 11, 2015 10:33:28 PM org.apache.catalina.loader.WebappClassLoader checkThreadLocalMapForLeaks
SEVERE: The web application [/ode] created a ThreadLocal with key of type [org.apache.xmlbeans.impl.schema.SchemaTypeLoaderImpl$SchemaTypeLoaderCache$1] (value [org.apache.xmlbeans.impl.schema.SchemaTypeLoaderImpl$SchemaTypeLoaderCache$1@5145db8]) and a value of type [java.util.ArrayList] (value [[java.lang.ref.SoftReference@7c14dda2]]) but failed to remove it when the web application was stopped. This is very likely to create a memory leak.
May 11, 2015 10:33:28 PM org.apache.catalina.loader.WebappClassLoader checkThreadLocalMapForLeaks
SEVERE: The web application [/ode] created a ThreadLocal with key of type [org.apache.xmlbeans.XmlBeans$1] (value [org.apache.xmlbeans.XmlBeans$1@3de2f652]) and a value of type [java.lang.ref.SoftReference] (value [java.lang.ref.SoftReference@7f99a13b]) but failed to remove it when the web application was stopped. This is very likely to create a memory leak.
May 11, 2015 10:33:28 PM org.apache.catalina.loader.WebappClassLoader checkThreadLocalMapForLeaks
SEVERE: The web application [/ode] created a ThreadLocal with key of type [java.lang.ThreadLocal] (value [java.lang.ThreadLocal@3f2869ef]) and a value of type [org.apache.derby.iapi.services.context.ContextManager] (value [org.apache.derby.iapi.services.context.ContextManager@646f0c2f]) but failed to remove it when the web application was stopped. This is very likely to create a memory leak.
May 11, 2015 10:33:30 PM org.apache.coyote.http11.Http11Protocol destroy
INFO: Stopping Coyote HTTP/1.1 on http-8080
May 11, 2015 11:02:08 PM org.apache.catalina.startup.Catalina stopServer
SEVERE: Catalina.stop: 
java.net.ConnectException: Connection refused: connect
	at java.net.DualStackPlainSocketImpl.connect0(Native Method)
	at java.net.DualStackPlainSocketImpl.socketConnect(DualStackPlainSocketImpl.java:79)
	at java.net.AbstractPlainSocketImpl.doConnect(AbstractPlainSocketImpl.java:339)
	at java.net.AbstractPlainSocketImpl.connectToAddress(AbstractPlainSocketImpl.java:200)
	at java.net.AbstractPlainSocketImpl.connect(AbstractPlainSocketImpl.java:182)
	at java.net.PlainSocketImpl.connect(PlainSocketImpl.java:172)
	at java.net.SocksSocketImpl.connect(SocksSocketImpl.java:392)
	at java.net.Socket.connect(Socket.java:579)
	at java.net.Socket.connect(Socket.java:528)
	at java.net.Socket.<init>(Socket.java:425)
	at java.net.Socket.<init>(Socket.java:208)
	at org.apache.catalina.startup.Catalina.stopServer(Catalina.java:422)
	at sun.reflect.NativeMethodAccessorImpl.invoke0(Native Method)
	at sun.reflect.NativeMethodAccessorImpl.invoke(NativeMethodAccessorImpl.java:57)
	at sun.reflect.DelegatingMethodAccessorImpl.invoke(DelegatingMethodAccessorImpl.java:43)
	at java.lang.reflect.Method.invoke(Method.java:606)
	at org.apache.catalina.startup.Bootstrap.stopServer(Bootstrap.java:338)
	at org.apache.catalina.startup.Bootstrap.main(Bootstrap.java:416)

